2014-07-29 19:24:06.997+0000 INFO  [org.neo4j]: You are using an unsupported version of the Java runtime. Please use Oracle(R) Java(TM) Runtime Environment 7 or OpenJDK(TM) 7.
2014-07-29 19:24:07.040+0000 INFO  [org.neo4j]: No locking implementation specified, defaulting to 'community'
2014-07-29 19:24:07.182+0000 INFO  [org.neo4j]: --- INITIALIZED diagnostics START ---
2014-07-29 19:24:07.184+0000 INFO  [org.neo4j]: Neo4j Kernel properties:
    neostore.propertystore.db.strings.mapped_memory=541M
    ephemeral=false
    neostore.nodestore.db.mapped_memory=177M
    store_dir=DB_PATH
    neostore.propertystore.db.arrays.mapped_memory=614M
    neostore.propertystore.db.mapped_memory=637M
    neostore.relationshipstore.db.mapped_memory=781M
2014-07-29 19:24:07.189+0000 INFO  [org.neo4j]: Diagnostics providers:
    org.neo4j.kernel.configuration.Config
    org.neo4j.kernel.info.DiagnosticsManager
    SYSTEM_MEMORY
    JAVA_MEMORY
    OPERATING_SYSTEM
    JAVA_VIRTUAL_MACHINE
    CLASSPATH
    LIBRARY_PATH
    SYSTEM_PROPERTIES
    LINUX_SCHEDULERS
    NETWORK
2014-07-29 19:24:07.190+0000 INFO  [org.neo4j]: System memory information:
    Total Physical memory: 7.69 GB
    Free Physical memory: 3.64 GB
    Committed virtual memory: 4.53 GB
    Total swap space: 7.89 GB
    Free swap space: 7.89 GB
2014-07-29 19:24:07.197+0000 INFO  [org.neo4j]: JVM memory information:
    Free  memory: 126.68 MB
    Total memory: 138.50 MB
    Max   memory: 1.71 GB
    Garbage Collector: PS Scavenge: [PS Eden Space, PS Survivor Space]
    Garbage Collector: PS MarkSweep: [PS Eden Space, PS Survivor Space, PS Old Gen]
    Memory Pool: Code Cache (Non-heap memory): committed=4.31 MB, used=4.28 MB, max=240.00 MB, threshold=0.00 B
    Memory Pool: Metaspace (Non-heap memory): committed=10.88 MB, used=10.62 MB, max=-1.00 B, threshold=0.00 B
    Memory Pool: Compressed Class Space (Non-heap memory): committed=1.38 MB, used=1.27 MB, max=1.00 GB, threshold=0.00 B
    Memory Pool: PS Eden Space (Heap memory): committed=13.00 MB, used=6.28 MB, max=650.50 MB, threshold=?
    Memory Pool: PS Survivor Space (Heap memory): committed=3.00 MB, used=2.71 MB, max=3.00 MB, threshold=?
    Memory Pool: PS Old Gen (Heap memory): committed=122.50 MB, used=3.04 MB, max=1.28 GB, threshold=0.00 B
2014-07-29 19:24:07.203+0000 INFO  [org.neo4j]: Operating system information:
    Operating System: Linux; version: 3.13.0-32-generic; arch: amd64; cpus: 8
    Max number of file descriptors: 4096
    Number of open file descriptors: 31
    Process id: 6341@geiser-laptop
    Byte order: LITTLE_ENDIAN
    Local timezone: Europe/Zurich
2014-07-29 19:24:07.212+0000 INFO  [org.neo4j]: JVM information:
    VM Name: Java HotSpot(TM) 64-Bit Server VM
    VM Vendor: Oracle Corporation
    VM Version: 25.0-b70
    JIT compiler: HotSpot 64-Bit Tiered Compilers
    VM Arguments: [-Dfile.encoding=UTF-8]
2014-07-29 19:24:07.213+0000 INFO  [org.neo4j]: Java classpath:
     [bootstrap] /usr/lib/jdk1.8.0/jre/lib/jsse.jar
     [bootstrap] /usr/lib/jdk1.8.0/jre/lib/sunrsasign.jar
     [classpath + loader.0] file:/home/geiser/.gradle/caches/modules-2/files-2.1/org.parboiled/parboiled-core/1.1.6/11bd0c34fc6ac3c3cbf440ab8180cc6422c044e9/parboiled-core-1.1.6.jar
     [classpath + loader.0] file:/home/geiser/.gradle/caches/modules-2/files-2.1/org.apache.lucene/lucene-core/3.6.2/9ec77e2507f9cc01756964c71d91efd8154a8c47/lucene-core-3.6.2.jar
     [loader.1] file:/usr/lib/jdk1.8.0/jre/lib/ext/cldrdata.jar
     [loader.1] file:/usr/lib/jdk1.8.0/jre/lib/ext/sunjce_provider.jar
     [loader.1] file:/usr/lib/jdk1.8.0/jre/lib/ext/dnsns.jar
     [classpath + loader.0] file:/home/geiser/.gradle/caches/modules-2/files-2.1/org.neo4j/neo4j-cypher/2.1.3/294b5f33ceecb4b679837c7b3d3bd9fbb5442b56/neo4j-cypher-2.1.3.jar
     [bootstrap] /usr/lib/jdk1.8.0/jre/lib/jce.jar
     [classpath + loader.0] file:/home/geiser/.gradle/caches/modules-2/files-2.1/org.codehaus.groovy/groovy-all/2.3.3/2ca73750564253964c70b396b6b5fda54a743f04/groovy-all-2.3.3.jar
     [classpath + loader.0] file:/home/geiser/.gradle/caches/modules-2/files-2.1/org.parboiled/parboiled-scala_2.10/1.1.6/bc93b215151f7dc42653f3eb0243b3130a7e1e11/parboiled-scala_2.10-1.1.6.jar
     [loader.1] file:/usr/lib/jdk1.8.0/jre/lib/ext/nashorn.jar
     [classpath + loader.0] file:/home/geiser/.gradle/caches/modules-2/files-2.1/com.google.guava/guava/17.0/9c6ef172e8de35fd8d4d8783e4821e57cdef7445/guava-17.0.jar
     [classpath + loader.0] file:/home/geiser/.gradle/caches/modules-2/files-2.1/net.sf.opencsv/opencsv/2.3/c23708cdb9e80a144db433e23344a788a1fd6599/opencsv-2.3.jar
     [classpath + loader.0] file:/home/geiser/.gradle/caches/modules-2/files-2.1/org.neo4j/neo4j-cypher-compiler-2.0/2.0.3/6436391790d18a7a0de551af1dd367f8b012a07/neo4j-cypher-compiler-2.0-2.0.3.jar
     [bootstrap] /usr/lib/jdk1.8.0/jre/classes
     [classpath + loader.0] file:/home/geiser/.gradle/caches/modules-2/files-2.1/org.neo4j/neo4j-lucene-index/2.1.3/4261f68e9a71ee8b1e9dc59d0b1a5dd9509fb58d/neo4j-lucene-index-2.1.3.jar
     [classpath + loader.0] file:/home/geiser/.gradle/caches/modules-2/files-2.1/com.googlecode.concurrentlinkedhashmap/concurrentlinkedhashmap-lru/1.3.1/584a998286ec5b62a3ee115e29410e4233b76346/concurrentlinkedhashmap-lru-1.3.1.jar
     [bootstrap] /usr/lib/jdk1.8.0/jre/lib/charsets.jar
     [classpath + loader.0] file:/home/geiser/.gradle/caches/modules-2/files-2.1/org.neo4j/neo4j-kernel/2.1.3/5bd2ba3afc161849107f75b6a7d9834afd0caf6a/neo4j-kernel-2.1.3.jar
     [classpath + loader.0] file:/home/geiser/.gradle/caches/modules-2/files-2.1/org.apache.geronimo.specs/geronimo-jta_1.1_spec/1.1.1/aabab3165b8ea936b9360abbf448459c0d04a5a4/geronimo-jta_1.1_spec-1.1.1.jar
     [classpath + loader.0] file:/home/geiser/.gradle/caches/modules-2/files-2.1/org.neo4j/neo4j-graph-algo/2.1.3/6c14f3c8f46a3391c2e22aa33eec02e55ebb3af/neo4j-graph-algo-2.1.3.jar
     [classpath + loader.0] file:/home/geiser/.gradle/caches/modules-2/files-2.1/org.neo4j/neo4j-jmx/2.1.3/530e16690d274a150e76a62dde725ab15a70b543/neo4j-jmx-2.1.3.jar
     [classpath + loader.0] file:/home/geiser/.gradle/caches/modules-2/files-2.1/org.neo4j/neo4j-cypher-compiler-2.1/2.1.3/9091d1e100d958f06c2bbdfdad5bcee146ee1cb3/neo4j-cypher-compiler-2.1-2.1.3.jar
     [bootstrap] /usr/lib/jdk1.8.0/jre/lib/rt.jar
     [loader.1] file:/usr/lib/jdk1.8.0/jre/lib/ext/localedata.jar
     [bootstrap] /usr/lib/jdk1.8.0/jre/lib/jfr.jar
     [classpath + loader.0] file:/home/geiser/.gradle/caches/modules-2/files-2.1/org.neo4j/neo4j/2.1.3/84c720a716bcfcfd374c1a40d0bdbfd42e2b2b31/neo4j-2.1.3.jar
     [classpath + loader.0] file:/home/geiser/.gradle/caches/modules-2/files-2.1/org.neo4j/neo4j-primitive-collections/2.1.3/b4d56c8ff901a06ba7bd73bfcfb427bdbe57c036/neo4j-primitive-collections-2.1.3.jar
     [loader.1] file:/usr/lib/jdk1.8.0/jre/lib/ext/zipfs.jar
     [loader.1] file:/usr/lib/jdk1.8.0/jre/lib/ext/jfxrt.jar
     [bootstrap] /usr/lib/jdk1.8.0/jre/lib/resources.jar
     [classpath + loader.0] file:/home/geiser/.gradle/caches/modules-2/files-2.1/org.jumpmind.symmetric.jdbc/mariadb-java-client/1.1.1/d0b477479d2d345ad6365a634220f9f345e1d245/mariadb-java-client-1.1.1.jar
     [classpath + loader.0] file:/home/geiser/.gradle/wrapper/dists/gradle-1.11-bin/4h5v8877arc3jhuqbm3osbr7o7/gradle-1.11/lib/groovy-all-1.8.6.jar
     [classpath + loader.0] file:/home/geiser/.gradle/caches/modules-2/files-2.1/org.neo4j/neo4j-udc/2.1.3/eaa26f884284f89e8282e7439048ae454994530/neo4j-udc-2.1.3.jar
     [loader.1] file:/usr/lib/jdk1.8.0/jre/lib/ext/sunec.jar
     [classpath + loader.0] file:/home/geiser/NetBeansProjects/Neo4JPopulate/build/resources/main/
     [classpath + loader.0] file:/home/geiser/.gradle/caches/modules-2/files-2.1/org.neo4j/neo4j-cypher-commons/2.1.3/5e4bb35361dafb40520b575ca4e4e38f7d9a9231/neo4j-cypher-commons-2.1.3.jar
     [classpath + loader.0] file:/home/geiser/NetBeansProjects/Neo4JPopulate/build/classes/main/
     [classpath + loader.0] file:/home/geiser/.gradle/caches/modules-2/files-2.1/org.scala-lang/scala-library/2.10.4/9aae4cb1802537d604e03688cab744ff47b31a7d/scala-library-2.10.4.jar
     [classpath + loader.0] file:/home/geiser/.gradle/caches/modules-2/files-2.1/org.neo4j/neo4j-graph-matching/2.1.3/234c6d5b918c4167730d22835abcc50d0538ee8a/neo4j-graph-matching-2.1.3.jar
     [loader.1] file:/usr/lib/jdk1.8.0/jre/lib/ext/sunpkcs11.jar
     [classpath + loader.0] file:/home/geiser/.gradle/caches/modules-2/files-2.1/org.neo4j/neo4j-cypher-compiler-1.9/2.0.3/d25359b1a0484a9d7d08c6d14781d3505f2ed5e9/neo4j-cypher-compiler-1.9-2.0.3.jar
2014-07-29 19:24:07.216+0000 INFO  [org.neo4j]: Library path:
    /usr/lib/jdk1.8.0/jre/lib/amd64
    /usr/lib/jdk1.8.0/jre/lib/i386
    /home/geiser/NetBeansProjects/Neo4JPopulate
    /usr/java/packages/lib/amd64
    /usr/lib64
    /lib64
    /lib
    /usr/lib
2014-07-29 19:24:07.216+0000 INFO  [org.neo4j]: System.properties:
    sun.boot.library.path = /usr/lib/jdk1.8.0/jre/lib/amd64
    path.separator = :
    file.encoding.pkg = sun.io
    user.country = US
    sun.java.launcher = SUN_STANDARD
    sun.os.patch.level = unknown
    user.dir = /home/geiser/NetBeansProjects/Neo4JPopulate
    sun.jnu.encoding = UTF-8
    sun.management.compiler = HotSpot 64-Bit Tiered Compilers
    user.home = /home/geiser
    user.timezone = Europe/Zurich
    file.encoding = UTF-8
    user.name = geiser
    sun.java.command = ch.waterbead.main.Main
    sun.arch.data.model = 64
    user.language = en
    awt.toolkit = sun.awt.X11.XToolkit
    file.separator = /
    sun.io.unicode.encoding = UnicodeLittle
    sun.cpu.endian = little
    sun.desktop = gnome
    sun.cpu.isalist = 
2014-07-29 19:24:07.218+0000 INFO  [org.neo4j]: Linux scheduler information:
    noop [deadline] cfq 
    noop [deadline] cfq 
    none
    none
    none
    none
    none
    none
    none
    none
    none
    none
    none
    none
    none
    none
    none
    none
    none
    none
    none
    none
    none
    none
    none
    none
2014-07-29 19:24:07.224+0000 INFO  [org.neo4j]: Network information:
    Interface wlan0:
        address: fe80:0:0:0:76e5:bff:febd:dad8%wlan0
        address: 192.168.0.18
    Interface lo:
        address: 0:0:0:0:0:0:0:1%lo
        address: 127.0.0.1
2014-07-29 19:24:07.226+0000 INFO  [org.neo4j]: --- INITIALIZED diagnostics END ---
2014-07-29 19:24:07.808+0000 INFO  [org.neo4j]: Creating new db @ DB_PATH/neostore
2014-07-29 19:24:09.275+0000 INFO  [org.neo4j]: [DB_PATH/neostore.relationshiptypestore.db.names] brickCount=0 brickSize=0b mappedMem=0b (storeSize=38b)
2014-07-29 19:24:09.278+0000 INFO  [org.neo4j]: [DB_PATH/neostore.relationshiptypestore.db] brickCount=0 brickSize=0b mappedMem=0b (storeSize=0b)
2014-07-29 19:24:09.315+0000 INFO  [org.neo4j]: DB_PATH/neostore.relationshiptypestore.db.names hit=0 miss=0 switches=0 ooe=0
2014-07-29 19:24:09.373+0000 INFO  [org.neo4j]: DB_PATH/neostore.relationshiptypestore.db hit=0 miss=0 switches=0 ooe=0
2014-07-29 19:24:09.579+0000 INFO  [org.neo4j]: [DB_PATH/neostore.labeltokenstore.db.names] brickCount=0 brickSize=0b mappedMem=0b (storeSize=38b)
2014-07-29 19:24:09.580+0000 INFO  [org.neo4j]: [DB_PATH/neostore.labeltokenstore.db] brickCount=0 brickSize=0b mappedMem=0b (storeSize=0b)
2014-07-29 19:24:09.639+0000 INFO  [org.neo4j]: DB_PATH/neostore.labeltokenstore.db.names hit=0 miss=0 switches=0 ooe=0
2014-07-29 19:24:09.689+0000 INFO  [org.neo4j]: DB_PATH/neostore.labeltokenstore.db hit=0 miss=0 switches=0 ooe=0
2014-07-29 19:24:09.911+0000 INFO  [org.neo4j]: [DB_PATH/neostore.relationshiptypestore.db.names] brickCount=0 brickSize=0b mappedMem=0b (storeSize=38b)
2014-07-29 19:24:09.911+0000 INFO  [org.neo4j]: [DB_PATH/neostore.relationshiptypestore.db] brickCount=0 brickSize=0b mappedMem=0b (storeSize=0b)
2014-07-29 19:24:09.912+0000 INFO  [org.neo4j]: [DB_PATH/neostore.labeltokenstore.db.names] brickCount=0 brickSize=0b mappedMem=0b (storeSize=38b)
2014-07-29 19:24:09.912+0000 INFO  [org.neo4j]: [DB_PATH/neostore.labeltokenstore.db] brickCount=0 brickSize=0b mappedMem=0b (storeSize=0b)
2014-07-29 19:24:09.913+0000 INFO  [org.neo4j]: [DB_PATH/neostore.propertystore.db.strings] brickCount=0 brickSize=567168b mappedMem=567279616b (storeSize=128b)
2014-07-29 19:24:09.913+0000 INFO  [org.neo4j]: [DB_PATH/neostore.propertystore.db.index.keys] brickCount=0 brickSize=0b mappedMem=0b (storeSize=38b)
2014-07-29 19:24:09.914+0000 INFO  [org.neo4j]: [DB_PATH/neostore.propertystore.db.index] brickCount=0 brickSize=0b mappedMem=0b (storeSize=0b)
2014-07-29 19:24:09.915+0000 INFO  [org.neo4j]: [DB_PATH/neostore.propertystore.db.arrays] brickCount=0 brickSize=643712b mappedMem=643825664b (storeSize=128b)
2014-07-29 19:24:09.919+0000 INFO  [org.neo4j]: [DB_PATH/neostore.propertystore.db] brickCount=0 brickSize=6679392b mappedMem=667942912b (storeSize=0b)
2014-07-29 19:24:09.922+0000 INFO  [org.neo4j]: [DB_PATH/neostore.relationshipstore.db] brickCount=0 brickSize=8189376b mappedMem=818937856b (storeSize=0b)
2014-07-29 19:24:09.922+0000 INFO  [org.neo4j]: [DB_PATH/neostore.nodestore.db.labels] brickCount=0 brickSize=0b mappedMem=0b (storeSize=68b)
2014-07-29 19:24:09.924+0000 INFO  [org.neo4j]: [DB_PATH/neostore.nodestore.db] brickCount=0 brickSize=1855965b mappedMem=185597952b (storeSize=0b)
2014-07-29 19:24:09.925+0000 INFO  [org.neo4j]: [DB_PATH/neostore.schemastore.db] brickCount=0 brickSize=0b mappedMem=0b (storeSize=64b)
2014-07-29 19:24:09.927+0000 INFO  [org.neo4j]: [DB_PATH/neostore.relationshipgroupstore.db] brickCount=0 brickSize=0b mappedMem=0b (storeSize=25b)
2014-07-29 19:24:09.927+0000 INFO  [org.neo4j]: [DB_PATH/neostore] brickCount=0 brickSize=0b mappedMem=0b (storeSize=0b)
2014-07-29 19:24:10.029+0000 INFO  [org.neo4j]: DB_PATH/neostore.relationshiptypestore.db.names hit=0 miss=0 switches=0 ooe=0
2014-07-29 19:24:10.227+0000 INFO  [org.neo4j]: DB_PATH/neostore.relationshiptypestore.db hit=0 miss=0 switches=0 ooe=0
2014-07-29 19:24:10.302+0000 INFO  [org.neo4j]: DB_PATH/neostore.labeltokenstore.db.names hit=0 miss=0 switches=0 ooe=0
2014-07-29 19:24:10.590+0000 INFO  [org.neo4j]: DB_PATH/neostore.labeltokenstore.db hit=0 miss=0 switches=0 ooe=0
2014-07-29 19:24:10.640+0000 INFO  [org.neo4j]: DB_PATH/neostore.propertystore.db.strings hit=0 miss=0 switches=0 ooe=0
2014-07-29 19:24:10.689+0000 INFO  [org.neo4j]: DB_PATH/neostore.propertystore.db.index.keys hit=0 miss=0 switches=0 ooe=0
2014-07-29 19:24:10.739+0000 INFO  [org.neo4j]: DB_PATH/neostore.propertystore.db.index hit=0 miss=0 switches=0 ooe=0
2014-07-29 19:24:10.780+0000 INFO  [org.neo4j]: DB_PATH/neostore.propertystore.db.arrays hit=0 miss=0 switches=0 ooe=0
2014-07-29 19:24:10.821+0000 INFO  [org.neo4j]: DB_PATH/neostore.propertystore.db hit=0 miss=0 switches=0 ooe=0
2014-07-29 19:24:10.871+0000 INFO  [org.neo4j]: DB_PATH/neostore.relationshipstore.db hit=0 miss=0 switches=0 ooe=0
2014-07-29 19:24:10.961+0000 INFO  [org.neo4j]: DB_PATH/neostore.nodestore.db.labels hit=0 miss=0 switches=0 ooe=0
2014-07-29 19:24:11.101+0000 INFO  [org.neo4j]: DB_PATH/neostore.nodestore.db hit=0 miss=0 switches=0 ooe=0
2014-07-29 19:24:11.317+0000 INFO  [org.neo4j]: DB_PATH/neostore.schemastore.db hit=0 miss=0 switches=0 ooe=0
2014-07-29 19:24:11.366+0000 INFO  [org.neo4j]: DB_PATH/neostore.relationshipgroupstore.db hit=0 miss=0 switches=0 ooe=0
2014-07-29 19:24:11.449+0000 INFO  [org.neo4j]: DB_PATH/neostore hit=0 miss=8 switches=0 ooe=0
2014-07-29 19:24:11.514+0000 INFO  [org.neo4j]: [DB_PATH/neostore.relationshiptypestore.db.names] brickCount=0 brickSize=0b mappedMem=0b (storeSize=38b)
2014-07-29 19:24:11.514+0000 INFO  [org.neo4j]: [DB_PATH/neostore.relationshiptypestore.db] brickCount=0 brickSize=0b mappedMem=0b (storeSize=0b)
2014-07-29 19:24:11.515+0000 INFO  [org.neo4j]: [DB_PATH/neostore.labeltokenstore.db.names] brickCount=0 brickSize=0b mappedMem=0b (storeSize=38b)
2014-07-29 19:24:11.515+0000 INFO  [org.neo4j]: [DB_PATH/neostore.labeltokenstore.db] brickCount=0 brickSize=0b mappedMem=0b (storeSize=0b)
2014-07-29 19:24:11.516+0000 INFO  [org.neo4j]: [DB_PATH/neostore.propertystore.db.strings] brickCount=0 brickSize=567168b mappedMem=567279616b (storeSize=128b)
2014-07-29 19:24:11.516+0000 INFO  [org.neo4j]: [DB_PATH/neostore.propertystore.db.index.keys] brickCount=0 brickSize=0b mappedMem=0b (storeSize=38b)
2014-07-29 19:24:11.517+0000 INFO  [org.neo4j]: [DB_PATH/neostore.propertystore.db.index] brickCount=0 brickSize=0b mappedMem=0b (storeSize=0b)
2014-07-29 19:24:11.517+0000 INFO  [org.neo4j]: [DB_PATH/neostore.propertystore.db.arrays] brickCount=0 brickSize=643712b mappedMem=643825664b (storeSize=128b)
2014-07-29 19:24:11.517+0000 INFO  [org.neo4j]: [DB_PATH/neostore.propertystore.db] brickCount=0 brickSize=6679392b mappedMem=667942912b (storeSize=0b)
2014-07-29 19:24:11.518+0000 INFO  [org.neo4j]: [DB_PATH/neostore.relationshipstore.db] brickCount=0 brickSize=8189376b mappedMem=818937856b (storeSize=0b)
2014-07-29 19:24:11.519+0000 INFO  [org.neo4j]: [DB_PATH/neostore.nodestore.db.labels] brickCount=0 brickSize=0b mappedMem=0b (storeSize=68b)
2014-07-29 19:24:11.519+0000 INFO  [org.neo4j]: [DB_PATH/neostore.nodestore.db] brickCount=0 brickSize=1855965b mappedMem=185597952b (storeSize=0b)
2014-07-29 19:24:11.519+0000 INFO  [org.neo4j]: [DB_PATH/neostore.schemastore.db] brickCount=0 brickSize=0b mappedMem=0b (storeSize=64b)
2014-07-29 19:24:11.520+0000 INFO  [org.neo4j]: [DB_PATH/neostore.relationshipgroupstore.db] brickCount=0 brickSize=0b mappedMem=0b (storeSize=25b)
2014-07-29 19:24:11.520+0000 INFO  [org.neo4j]: [DB_PATH/neostore] brickCount=0 brickSize=0b mappedMem=0b (storeSize=63b)
2014-07-29 19:24:11.591+0000 INFO  [org.neo4j]: No lucene scan store index found, this might just be first use. Preparing to rebuild.
2014-07-29 19:24:11.620+0000 INFO  [org.neo4j]: No lucene scan store index found, this might just be first use. Preparing to rebuild.
2014-07-29 19:24:11.711+0000 INFO  [org.neo4j]: Opened logical log [DB_PATH/nioneo_logical.log.1] version=0, lastTxId=1 (clean)
2014-07-29 19:24:11.767+0000 INFO  [org.neo4j]: Rebuilding lucene scan store, this may take a while
2014-07-29 19:24:11.768+0000 INFO  [org.neo4j]: Lucene scan store rebuilt (roughly -1 nodes)
2014-07-29 19:24:11.771+0000 INFO  [org.neo4j]: TM new log: tm_tx_log.1
2014-07-29 19:24:11.811+0000 INFO  [org.neo4j]: Kernel health set to OK
2014-07-29 19:24:11.819+0000 INFO  [org.neo4j]: Opened logical log [DB_PATH/index/lucene.log.1] version=0, lastTxId=1 (clean)
2014-07-29 19:24:11.862+0000 INFO  [org.neo4j]: --- STARTED diagnostics for KernelDiagnostics:Versions START ---
2014-07-29 19:24:11.862+0000 INFO  [org.neo4j]: Graph Database: org.neo4j.kernel.EmbeddedGraphDatabase StoreId[time:1406661847817, id:-822278147434210019, store version: -2]
2014-07-29 19:24:11.862+0000 INFO  [org.neo4j]: Kernel version: Neo4j - Graph Database Kernel (neo4j-kernel), version: 2.1.3
2014-07-29 19:24:11.862+0000 INFO  [org.neo4j]: Neo4j component versions:
2014-07-29 19:24:11.867+0000 INFO  [org.neo4j]:   Neo4j - Cypher Compiler 1.9 (neo4j-cypher-compiler-1.9), version: 2.0.3; revision: 2.0.3:2.0-maint:72/307c563c11b75fdc71cfa6df05daf9b08d6c37dc
2014-07-29 19:24:11.868+0000 INFO  [org.neo4j]:   Neo4j Community (neo4j), version: 2.1.3; revision: 2.1.3:2.1-maint:423/54b056d10dda59194d073b8904fcb9bf477c608b
2014-07-29 19:24:11.868+0000 INFO  [org.neo4j]:   Neo4j - Cypher Commons (neo4j-cypher-commons), version: 2.1.3; revision: 2.1.3:2.1-maint:423/54b056d10dda59194d073b8904fcb9bf477c608b
2014-07-29 19:24:11.868+0000 INFO  [org.neo4j]:   neo4j-udc, version: 2.1.3; revision: 2.1.3:2.1-maint:423/54b056d10dda59194d073b8904fcb9bf477c608b
2014-07-29 19:24:11.868+0000 INFO  [org.neo4j]:   Neo4j - Lucene Index (neo4j-lucene-index), version: 2.1.3; revision: 2.1.3:2.1-maint:423/54b056d10dda59194d073b8904fcb9bf477c608b
2014-07-29 19:24:11.868+0000 INFO  [org.neo4j]:   Neo4j - Cypher Compiler 2.0 (neo4j-cypher-compiler-2.0), version: 2.0.3; revision: 2.0.3:2.0-maint:72/307c563c11b75fdc71cfa6df05daf9b08d6c37dc
2014-07-29 19:24:11.868+0000 INFO  [org.neo4j]:   Neo4j - Graph Database Kernel (neo4j-kernel), version: 2.1.3; revision: 2.1.3:2.1-maint:423/54b056d10dda59194d073b8904fcb9bf477c608b
2014-07-29 19:24:11.868+0000 INFO  [org.neo4j]:   Neo4j - Graph Matching (neo4j-graph-matching), version: 2.1.3; revision: 2.1.3:2.1-maint:423/54b056d10dda59194d073b8904fcb9bf477c608b
2014-07-29 19:24:11.868+0000 INFO  [org.neo4j]:   Neo4j - JMX support (neo4j-jmx), version: 2.1.3; revision: 2.1.3:2.1-maint:423/54b056d10dda59194d073b8904fcb9bf477c608b
2014-07-29 19:24:11.868+0000 INFO  [org.neo4j]:   Neo4j - Cypher (neo4j-cypher), version: 2.1.3; revision: 2.1.3:2.1-maint:423/54b056d10dda59194d073b8904fcb9bf477c608b
2014-07-29 19:24:11.868+0000 INFO  [org.neo4j]:   Neo4j - Graph Algorithms (neo4j-graph-algo), version: 2.1.3; revision: 2.1.3:2.1-maint:423/54b056d10dda59194d073b8904fcb9bf477c608b
2014-07-29 19:24:11.868+0000 INFO  [org.neo4j]: --- STARTED diagnostics for KernelDiagnostics:Versions END ---
2014-07-29 19:24:11.870+0000 INFO  [org.neo4j]: --- STARTED diagnostics for NEO_STORE_VERSIONS START ---
2014-07-29 19:24:11.871+0000 INFO  [org.neo4j]: Store versions:
    Store versions:
      NeoStore v0.A.3
      SchemaStore v0.A.3
      NodeStore v0.A.3
      RelationshipStore v0.A.3
      RelationshipTypeStore v0.A.3
      LabelTokenStore v0.A.3
      PropertyStore v0.A.3
      PropertyIndexStore v0.A.3
      StringPropertyStore v0.A.3
      ArrayPropertyStore v0.A.3
      RelationshipGroupStore v0.A.3
2014-07-29 19:24:11.871+0000 INFO  [org.neo4j]: --- STARTED diagnostics for NEO_STORE_VERSIONS END ---
2014-07-29 19:24:11.871+0000 INFO  [org.neo4j]: --- STARTED diagnostics for NEO_STORE_ID_USAGE START ---
2014-07-29 19:24:11.871+0000 INFO  [org.neo4j]: Id usage:
    Id usage:
      SchemaStore: used=1 high=0
      NodeStore: used=0 high=-1
      RelationshipStore: used=0 high=-1
      RelationshipTypeStore: used=0 high=-1
      LabelTokenStore: used=0 high=-1
      PropertyStore: used=0 high=-1
      PropertyIndexStore: used=0 high=-1
      StringPropertyStore: used=1 high=0
      ArrayPropertyStore: used=1 high=0
      RelationshipGroupStore: used=1 high=0
2014-07-29 19:24:11.872+0000 INFO  [org.neo4j]: --- STARTED diagnostics for NEO_STORE_ID_USAGE END ---
2014-07-29 19:24:11.872+0000 INFO  [org.neo4j]: --- STARTED diagnostics for PERSISTENCE_WINDOW_POOL_STATS START ---
2014-07-29 19:24:11.873+0000 INFO  [org.neo4j]: --- STARTED diagnostics for PERSISTENCE_WINDOW_POOL_STATS END ---
2014-07-29 19:24:11.873+0000 INFO  [org.neo4j]: --- STARTED diagnostics for KernelDiagnostics:StoreFiles START ---
2014-07-29 19:24:11.873+0000 INFO  [org.neo4j]: Disk space on partition (Total / Free / Free %): 420163682304 / 380663414784 / 90
Storage files: (filename : modification date - size)
      active_tx_log: 2014-07-29T21:24:11+0200 - 11.00 B
      index:
        lucene-store.db: 2014-07-29T21:24:11+0200 - 40.00 B
        lucene.log.1: 2014-07-29T21:24:11+0200 - 16.00 B
        lucene.log.active: 2014-07-29T21:24:11+0200 - 4.00 B
      - Total: 2014-07-29T21:24:11+0200 - 60.00 B
      lock: 2014-07-29T21:24:11+0200 - 0.00 B
      messages.log: 2014-07-29T21:24:11+0200 - 21.70 kB
      neostore: 2014-07-29T21:24:11+0200 - 63.00 B
      neostore.id: 2014-07-29T21:24:11+0200 - 9.00 B
      neostore.labeltokenstore.db: 2014-07-29T21:24:11+0200 - 0.00 B
      neostore.labeltokenstore.db.id: 2014-07-29T21:24:11+0200 - 9.00 B
      neostore.labeltokenstore.db.names: 2014-07-29T21:24:11+0200 - 38.00 B
      neostore.labeltokenstore.db.names.id: 2014-07-29T21:24:11+0200 - 9.00 B
      neostore.nodestore.db: 2014-07-29T21:24:11+0200 - 0.00 B
      neostore.nodestore.db.id: 2014-07-29T21:24:11+0200 - 9.00 B
      neostore.nodestore.db.labels: 2014-07-29T21:24:11+0200 - 68.00 B
      neostore.nodestore.db.labels.id: 2014-07-29T21:24:11+0200 - 9.00 B
      neostore.propertystore.db: 2014-07-29T21:24:11+0200 - 0.00 B
      neostore.propertystore.db.arrays: 2014-07-29T21:24:11+0200 - 128.00 B
      neostore.propertystore.db.arrays.id: 2014-07-29T21:24:11+0200 - 9.00 B
      neostore.propertystore.db.id: 2014-07-29T21:24:11+0200 - 9.00 B
      neostore.propertystore.db.index: 2014-07-29T21:24:11+0200 - 0.00 B
      neostore.propertystore.db.index.id: 2014-07-29T21:24:11+0200 - 9.00 B
      neostore.propertystore.db.index.keys: 2014-07-29T21:24:11+0200 - 38.00 B
      neostore.propertystore.db.index.keys.id: 2014-07-29T21:24:11+0200 - 9.00 B
      neostore.propertystore.db.strings: 2014-07-29T21:24:11+0200 - 128.00 B
      neostore.propertystore.db.strings.id: 2014-07-29T21:24:11+0200 - 9.00 B
      neostore.relationshipgroupstore.db: 2014-07-29T21:24:11+0200 - 25.00 B
      neostore.relationshipgroupstore.db.id: 2014-07-29T21:24:11+0200 - 9.00 B
      neostore.relationshipstore.db: 2014-07-29T21:24:11+0200 - 0.00 B
      neostore.relationshipstore.db.id: 2014-07-29T21:24:11+0200 - 9.00 B
      neostore.relationshiptypestore.db: 2014-07-29T21:24:11+0200 - 0.00 B
      neostore.relationshiptypestore.db.id: 2014-07-29T21:24:11+0200 - 9.00 B
      neostore.relationshiptypestore.db.names: 2014-07-29T21:24:11+0200 - 38.00 B
      neostore.relationshiptypestore.db.names.id: 2014-07-29T21:24:11+0200 - 9.00 B
      neostore.schemastore.db: 2014-07-29T21:24:11+0200 - 64.00 B
      neostore.schemastore.db.id: 2014-07-29T21:24:11+0200 - 9.00 B
      nioneo_logical.log.1: 2014-07-29T21:24:11+0200 - 16.00 B
      nioneo_logical.log.active: 2014-07-29T21:24:11+0200 - 4.00 B
      schema:
        label:
          lucene:
            write.lock: 2014-07-29T21:24:11+0200 - 0.00 B
          - Total: 2014-07-29T21:24:11+0200 - 0.00 B
        - Total: 2014-07-29T21:24:11+0200 - 0.00 B
      - Total: 2014-07-29T21:24:11+0200 - 0.00 B
      store_lock: 2014-07-29T21:24:07+0200 - 0.00 B
      tm_tx_log.1: 2014-07-29T21:24:11+0200 - 0.00 B
2014-07-29 19:25:45.240+0000 INFO  [org.neo4j]: You are using an unsupported version of the Java runtime. Please use Oracle(R) Java(TM) Runtime Environment 7 or OpenJDK(TM) 7.
2014-07-29 19:25:45.281+0000 INFO  [org.neo4j]: No locking implementation specified, defaulting to 'community'
2014-07-29 19:25:45.351+0000 INFO  [org.neo4j]: --- INITIALIZED diagnostics START ---
2014-07-29 19:25:45.352+0000 INFO  [org.neo4j]: Neo4j Kernel properties:
    neostore.propertystore.db.strings.mapped_memory=541M
    ephemeral=false
    neostore.nodestore.db.mapped_memory=177M
    store_dir=DB_PATH
    neostore.propertystore.db.arrays.mapped_memory=614M
    neostore.propertystore.db.mapped_memory=637M
    neostore.relationshipstore.db.mapped_memory=781M
2014-07-29 19:25:45.356+0000 INFO  [org.neo4j]: Diagnostics providers:
    org.neo4j.kernel.configuration.Config
    org.neo4j.kernel.info.DiagnosticsManager
    SYSTEM_MEMORY
    JAVA_MEMORY
    OPERATING_SYSTEM
    JAVA_VIRTUAL_MACHINE
    CLASSPATH
    LIBRARY_PATH
    SYSTEM_PROPERTIES
    LINUX_SCHEDULERS
    NETWORK
2014-07-29 19:25:45.357+0000 INFO  [org.neo4j]: System memory information:
    Total Physical memory: 7.69 GB
    Free Physical memory: 3.61 GB
    Committed virtual memory: 4.53 GB
    Total swap space: 7.89 GB
    Free swap space: 7.89 GB
2014-07-29 19:25:45.363+0000 INFO  [org.neo4j]: JVM memory information:
    Free  memory: 125.94 MB
    Total memory: 138.00 MB
    Max   memory: 1.71 GB
    Garbage Collector: PS Scavenge: [PS Eden Space, PS Survivor Space]
    Garbage Collector: PS MarkSweep: [PS Eden Space, PS Survivor Space, PS Old Gen]
    Memory Pool: Code Cache (Non-heap memory): committed=4.25 MB, used=4.23 MB, max=240.00 MB, threshold=0.00 B
    Memory Pool: Metaspace (Non-heap memory): committed=10.88 MB, used=10.61 MB, max=-1.00 B, threshold=0.00 B
    Memory Pool: Compressed Class Space (Non-heap memory): committed=1.38 MB, used=1.27 MB, max=1.00 GB, threshold=0.00 B
    Memory Pool: PS Eden Space (Heap memory): committed=12.50 MB, used=6.19 MB, max=650.00 MB, threshold=?
    Memory Pool: PS Survivor Space (Heap memory): committed=3.00 MB, used=2.76 MB, max=3.00 MB, threshold=?
    Memory Pool: PS Old Gen (Heap memory): committed=122.50 MB, used=3.11 MB, max=1.28 GB, threshold=0.00 B
2014-07-29 19:25:45.369+0000 INFO  [org.neo4j]: Operating system information:
    Operating System: Linux; version: 3.13.0-32-generic; arch: amd64; cpus: 8
    Max number of file descriptors: 4096
    Number of open file descriptors: 31
    Process id: 6417@geiser-laptop
    Byte order: LITTLE_ENDIAN
    Local timezone: Europe/Zurich
2014-07-29 19:25:45.376+0000 INFO  [org.neo4j]: JVM information:
    VM Name: Java HotSpot(TM) 64-Bit Server VM
    VM Vendor: Oracle Corporation
    VM Version: 25.0-b70
    JIT compiler: HotSpot 64-Bit Tiered Compilers
    VM Arguments: [-Dfile.encoding=UTF-8]
2014-07-29 19:25:45.376+0000 INFO  [org.neo4j]: Java classpath:
     [bootstrap] /usr/lib/jdk1.8.0/jre/lib/jsse.jar
     [bootstrap] /usr/lib/jdk1.8.0/jre/lib/sunrsasign.jar
     [classpath + loader.0] file:/home/geiser/.gradle/caches/modules-2/files-2.1/org.parboiled/parboiled-core/1.1.6/11bd0c34fc6ac3c3cbf440ab8180cc6422c044e9/parboiled-core-1.1.6.jar
     [classpath + loader.0] file:/home/geiser/.gradle/caches/modules-2/files-2.1/org.apache.lucene/lucene-core/3.6.2/9ec77e2507f9cc01756964c71d91efd8154a8c47/lucene-core-3.6.2.jar
     [loader.1] file:/usr/lib/jdk1.8.0/jre/lib/ext/cldrdata.jar
     [loader.1] file:/usr/lib/jdk1.8.0/jre/lib/ext/sunjce_provider.jar
     [loader.1] file:/usr/lib/jdk1.8.0/jre/lib/ext/dnsns.jar
     [classpath + loader.0] file:/home/geiser/.gradle/caches/modules-2/files-2.1/org.neo4j/neo4j-cypher/2.1.3/294b5f33ceecb4b679837c7b3d3bd9fbb5442b56/neo4j-cypher-2.1.3.jar
     [bootstrap] /usr/lib/jdk1.8.0/jre/lib/jce.jar
     [classpath + loader.0] file:/home/geiser/.gradle/caches/modules-2/files-2.1/org.codehaus.groovy/groovy-all/2.3.3/2ca73750564253964c70b396b6b5fda54a743f04/groovy-all-2.3.3.jar
     [classpath + loader.0] file:/home/geiser/.gradle/caches/modules-2/files-2.1/org.parboiled/parboiled-scala_2.10/1.1.6/bc93b215151f7dc42653f3eb0243b3130a7e1e11/parboiled-scala_2.10-1.1.6.jar
     [loader.1] file:/usr/lib/jdk1.8.0/jre/lib/ext/nashorn.jar
     [classpath + loader.0] file:/home/geiser/.gradle/caches/modules-2/files-2.1/com.google.guava/guava/17.0/9c6ef172e8de35fd8d4d8783e4821e57cdef7445/guava-17.0.jar
     [classpath + loader.0] file:/home/geiser/.gradle/caches/modules-2/files-2.1/net.sf.opencsv/opencsv/2.3/c23708cdb9e80a144db433e23344a788a1fd6599/opencsv-2.3.jar
     [classpath + loader.0] file:/home/geiser/.gradle/caches/modules-2/files-2.1/org.neo4j/neo4j-cypher-compiler-2.0/2.0.3/6436391790d18a7a0de551af1dd367f8b012a07/neo4j-cypher-compiler-2.0-2.0.3.jar
     [bootstrap] /usr/lib/jdk1.8.0/jre/classes
     [classpath + loader.0] file:/home/geiser/.gradle/caches/modules-2/files-2.1/org.neo4j/neo4j-lucene-index/2.1.3/4261f68e9a71ee8b1e9dc59d0b1a5dd9509fb58d/neo4j-lucene-index-2.1.3.jar
     [classpath + loader.0] file:/home/geiser/.gradle/caches/modules-2/files-2.1/com.googlecode.concurrentlinkedhashmap/concurrentlinkedhashmap-lru/1.3.1/584a998286ec5b62a3ee115e29410e4233b76346/concurrentlinkedhashmap-lru-1.3.1.jar
     [bootstrap] /usr/lib/jdk1.8.0/jre/lib/charsets.jar
     [classpath + loader.0] file:/home/geiser/.gradle/caches/modules-2/files-2.1/org.neo4j/neo4j-kernel/2.1.3/5bd2ba3afc161849107f75b6a7d9834afd0caf6a/neo4j-kernel-2.1.3.jar
     [classpath + loader.0] file:/home/geiser/.gradle/caches/modules-2/files-2.1/org.apache.geronimo.specs/geronimo-jta_1.1_spec/1.1.1/aabab3165b8ea936b9360abbf448459c0d04a5a4/geronimo-jta_1.1_spec-1.1.1.jar
     [classpath + loader.0] file:/home/geiser/.gradle/caches/modules-2/files-2.1/org.neo4j/neo4j-graph-algo/2.1.3/6c14f3c8f46a3391c2e22aa33eec02e55ebb3af/neo4j-graph-algo-2.1.3.jar
     [classpath + loader.0] file:/home/geiser/.gradle/caches/modules-2/files-2.1/org.neo4j/neo4j-jmx/2.1.3/530e16690d274a150e76a62dde725ab15a70b543/neo4j-jmx-2.1.3.jar
     [classpath + loader.0] file:/home/geiser/.gradle/caches/modules-2/files-2.1/org.neo4j/neo4j-cypher-compiler-2.1/2.1.3/9091d1e100d958f06c2bbdfdad5bcee146ee1cb3/neo4j-cypher-compiler-2.1-2.1.3.jar
     [bootstrap] /usr/lib/jdk1.8.0/jre/lib/rt.jar
     [loader.1] file:/usr/lib/jdk1.8.0/jre/lib/ext/localedata.jar
     [bootstrap] /usr/lib/jdk1.8.0/jre/lib/jfr.jar
     [classpath + loader.0] file:/home/geiser/.gradle/caches/modules-2/files-2.1/org.neo4j/neo4j/2.1.3/84c720a716bcfcfd374c1a40d0bdbfd42e2b2b31/neo4j-2.1.3.jar
     [classpath + loader.0] file:/home/geiser/.gradle/caches/modules-2/files-2.1/org.neo4j/neo4j-primitive-collections/2.1.3/b4d56c8ff901a06ba7bd73bfcfb427bdbe57c036/neo4j-primitive-collections-2.1.3.jar
     [loader.1] file:/usr/lib/jdk1.8.0/jre/lib/ext/zipfs.jar
     [loader.1] file:/usr/lib/jdk1.8.0/jre/lib/ext/jfxrt.jar
     [bootstrap] /usr/lib/jdk1.8.0/jre/lib/resources.jar
     [classpath + loader.0] file:/home/geiser/.gradle/caches/modules-2/files-2.1/org.jumpmind.symmetric.jdbc/mariadb-java-client/1.1.1/d0b477479d2d345ad6365a634220f9f345e1d245/mariadb-java-client-1.1.1.jar
     [classpath + loader.0] file:/home/geiser/.gradle/wrapper/dists/gradle-1.11-bin/4h5v8877arc3jhuqbm3osbr7o7/gradle-1.11/lib/groovy-all-1.8.6.jar
     [classpath + loader.0] file:/home/geiser/.gradle/caches/modules-2/files-2.1/org.neo4j/neo4j-udc/2.1.3/eaa26f884284f89e8282e7439048ae454994530/neo4j-udc-2.1.3.jar
     [loader.1] file:/usr/lib/jdk1.8.0/jre/lib/ext/sunec.jar
     [classpath + loader.0] file:/home/geiser/NetBeansProjects/Neo4JPopulate/build/resources/main/
     [classpath + loader.0] file:/home/geiser/.gradle/caches/modules-2/files-2.1/org.neo4j/neo4j-cypher-commons/2.1.3/5e4bb35361dafb40520b575ca4e4e38f7d9a9231/neo4j-cypher-commons-2.1.3.jar
     [classpath + loader.0] file:/home/geiser/NetBeansProjects/Neo4JPopulate/build/classes/main/
     [classpath + loader.0] file:/home/geiser/.gradle/caches/modules-2/files-2.1/org.scala-lang/scala-library/2.10.4/9aae4cb1802537d604e03688cab744ff47b31a7d/scala-library-2.10.4.jar
     [classpath + loader.0] file:/home/geiser/.gradle/caches/modules-2/files-2.1/org.neo4j/neo4j-graph-matching/2.1.3/234c6d5b918c4167730d22835abcc50d0538ee8a/neo4j-graph-matching-2.1.3.jar
     [loader.1] file:/usr/lib/jdk1.8.0/jre/lib/ext/sunpkcs11.jar
     [classpath + loader.0] file:/home/geiser/.gradle/caches/modules-2/files-2.1/org.neo4j/neo4j-cypher-compiler-1.9/2.0.3/d25359b1a0484a9d7d08c6d14781d3505f2ed5e9/neo4j-cypher-compiler-1.9-2.0.3.jar
2014-07-29 19:25:45.378+0000 INFO  [org.neo4j]: Library path:
    /usr/lib/jdk1.8.0/jre/lib/amd64
    /usr/lib/jdk1.8.0/jre/lib/i386
    /home/geiser/NetBeansProjects/Neo4JPopulate
    /usr/java/packages/lib/amd64
    /usr/lib64
    /lib64
    /lib
    /usr/lib
2014-07-29 19:25:45.379+0000 INFO  [org.neo4j]: System.properties:
    sun.boot.library.path = /usr/lib/jdk1.8.0/jre/lib/amd64
    path.separator = :
    file.encoding.pkg = sun.io
    user.country = US
    sun.java.launcher = SUN_STANDARD
    sun.os.patch.level = unknown
    user.dir = /home/geiser/NetBeansProjects/Neo4JPopulate
    sun.jnu.encoding = UTF-8
    sun.management.compiler = HotSpot 64-Bit Tiered Compilers
    user.home = /home/geiser
    user.timezone = Europe/Zurich
    file.encoding = UTF-8
    user.name = geiser
    sun.java.command = ch.waterbead.main.Main
    sun.arch.data.model = 64
    user.language = en
    awt.toolkit = sun.awt.X11.XToolkit
    file.separator = /
    sun.io.unicode.encoding = UnicodeLittle
    sun.cpu.endian = little
    sun.desktop = gnome
    sun.cpu.isalist = 
2014-07-29 19:25:45.380+0000 INFO  [org.neo4j]: Linux scheduler information:
    noop [deadline] cfq 
    noop [deadline] cfq 
    none
    none
    none
    none
    none
    none
    none
    none
    none
    none
    none
    none
    none
    none
    none
    none
    none
    none
    none
    none
    none
    none
    none
    none
2014-07-29 19:25:45.384+0000 INFO  [org.neo4j]: Network information:
    Interface wlan0:
        address: fe80:0:0:0:76e5:bff:febd:dad8%wlan0
        address: 192.168.0.18
    Interface lo:
        address: 0:0:0:0:0:0:0:1%lo
        address: 127.0.0.1
2014-07-29 19:25:45.386+0000 INFO  [org.neo4j]: --- INITIALIZED diagnostics END ---
2014-07-29 19:25:45.576+0000 INFO  [org.neo4j]: DB_PATH/neostore.relationshiptypestore.db.names non clean shutdown detected
2014-07-29 19:25:45.581+0000 INFO  [org.neo4j]: [DB_PATH/neostore.relationshiptypestore.db.names] brickCount=0 brickSize=0b mappedMem=0b (storeSize=38b)
2014-07-29 19:25:45.583+0000 INFO  [org.neo4j]: DB_PATH/neostore.relationshiptypestore.db non clean shutdown detected
2014-07-29 19:25:45.583+0000 INFO  [org.neo4j]: [DB_PATH/neostore.relationshiptypestore.db] brickCount=0 brickSize=0b mappedMem=0b (storeSize=0b)
2014-07-29 19:25:45.583+0000 INFO  [org.neo4j]: DB_PATH/neostore.labeltokenstore.db.names non clean shutdown detected
2014-07-29 19:25:45.583+0000 INFO  [org.neo4j]: [DB_PATH/neostore.labeltokenstore.db.names] brickCount=0 brickSize=0b mappedMem=0b (storeSize=38b)
2014-07-29 19:25:45.584+0000 INFO  [org.neo4j]: DB_PATH/neostore.labeltokenstore.db non clean shutdown detected
2014-07-29 19:25:45.584+0000 INFO  [org.neo4j]: [DB_PATH/neostore.labeltokenstore.db] brickCount=0 brickSize=0b mappedMem=0b (storeSize=0b)
2014-07-29 19:25:45.585+0000 INFO  [org.neo4j]: DB_PATH/neostore.propertystore.db.strings non clean shutdown detected
2014-07-29 19:25:45.585+0000 INFO  [org.neo4j]: [DB_PATH/neostore.propertystore.db.strings] brickCount=0 brickSize=567168b mappedMem=567279616b (storeSize=128b)
2014-07-29 19:25:45.585+0000 INFO  [org.neo4j]: DB_PATH/neostore.propertystore.db.index.keys non clean shutdown detected
2014-07-29 19:25:45.585+0000 INFO  [org.neo4j]: [DB_PATH/neostore.propertystore.db.index.keys] brickCount=0 brickSize=0b mappedMem=0b (storeSize=38b)
2014-07-29 19:25:45.586+0000 INFO  [org.neo4j]: DB_PATH/neostore.propertystore.db.index non clean shutdown detected
2014-07-29 19:25:45.586+0000 INFO  [org.neo4j]: [DB_PATH/neostore.propertystore.db.index] brickCount=0 brickSize=0b mappedMem=0b (storeSize=0b)
2014-07-29 19:25:45.587+0000 INFO  [org.neo4j]: DB_PATH/neostore.propertystore.db.arrays non clean shutdown detected
2014-07-29 19:25:45.587+0000 INFO  [org.neo4j]: [DB_PATH/neostore.propertystore.db.arrays] brickCount=0 brickSize=643712b mappedMem=643825664b (storeSize=128b)
2014-07-29 19:25:45.594+0000 INFO  [org.neo4j]: DB_PATH/neostore.propertystore.db non clean shutdown detected
2014-07-29 19:25:45.594+0000 INFO  [org.neo4j]: [DB_PATH/neostore.propertystore.db] brickCount=0 brickSize=6679392b mappedMem=667942912b (storeSize=0b)
2014-07-29 19:25:45.596+0000 INFO  [org.neo4j]: DB_PATH/neostore.relationshipstore.db non clean shutdown detected
2014-07-29 19:25:45.597+0000 INFO  [org.neo4j]: [DB_PATH/neostore.relationshipstore.db] brickCount=0 brickSize=8189376b mappedMem=818937856b (storeSize=0b)
2014-07-29 19:25:45.597+0000 INFO  [org.neo4j]: DB_PATH/neostore.nodestore.db.labels non clean shutdown detected
2014-07-29 19:25:45.597+0000 INFO  [org.neo4j]: [DB_PATH/neostore.nodestore.db.labels] brickCount=0 brickSize=0b mappedMem=0b (storeSize=68b)
2014-07-29 19:25:45.599+0000 INFO  [org.neo4j]: DB_PATH/neostore.nodestore.db non clean shutdown detected
2014-07-29 19:25:45.599+0000 INFO  [org.neo4j]: [DB_PATH/neostore.nodestore.db] brickCount=0 brickSize=1855965b mappedMem=185597952b (storeSize=0b)
2014-07-29 19:25:45.600+0000 INFO  [org.neo4j]: DB_PATH/neostore.schemastore.db non clean shutdown detected
2014-07-29 19:25:45.600+0000 INFO  [org.neo4j]: [DB_PATH/neostore.schemastore.db] brickCount=0 brickSize=0b mappedMem=0b (storeSize=64b)
2014-07-29 19:25:45.602+0000 INFO  [org.neo4j]: DB_PATH/neostore.relationshipgroupstore.db non clean shutdown detected
2014-07-29 19:25:45.602+0000 INFO  [org.neo4j]: [DB_PATH/neostore.relationshipgroupstore.db] brickCount=0 brickSize=0b mappedMem=0b (storeSize=25b)
2014-07-29 19:25:45.603+0000 INFO  [org.neo4j]: DB_PATH/neostore non clean shutdown detected
2014-07-29 19:25:45.603+0000 INFO  [org.neo4j]: [DB_PATH/neostore] brickCount=0 brickSize=0b mappedMem=0b (storeSize=63b)
2014-07-29 19:25:45.697+0000 INFO  [org.neo4j]: No lucene scan store index found, this might just be first use. Preparing to rebuild.
2014-07-29 19:25:45.789+0000 INFO  [org.neo4j]: Non clean shutdown detected on log [DB_PATH/nioneo_logical.log.1]. Recovery started ...
2014-07-29 19:25:45.789+0000 INFO  [org.neo4j]: [DB_PATH/nioneo_logical.log.1] logVersion=0 with committed tx=1
2014-07-29 19:25:45.798+0000 INFO  [org.neo4j]: [DB_PATH/nioneo_logical.log.1] entries found=0 lastEntryPos=16
2014-07-29 19:25:45.799+0000 INFO  [org.neo4j]: Opened logical log [DB_PATH/nioneo_logical.log.1] version=0, lastTxId=-1 (recovered)
2014-07-29 19:25:45.799+0000 INFO  [org.neo4j]: XaResourceManager[nioneo_logical.log] sorting 0 xids
2014-07-29 19:25:45.799+0000 INFO  [org.neo4j]: XaResourceManager[nioneo_logical.log] checkRecoveryComplete 0 xids
2014-07-29 19:25:46.100+0000 INFO  [org.neo4j]: DB_PATH/neostore.relationshiptypestore.db.names rebuild id generator, highId=1 defragged count=0
2014-07-29 19:25:46.363+0000 INFO  [org.neo4j]: DB_PATH/neostore.labeltokenstore.db.names rebuild id generator, highId=1 defragged count=0
2014-07-29 19:25:46.430+0000 INFO  [org.neo4j]: DB_PATH/neostore.labeltokenstore.db rebuild id generator, highId=1 defragged count=0
2014-07-29 19:25:46.471+0000 INFO  [org.neo4j]: DB_PATH/neostore.propertystore.db.index.keys rebuild id generator, highId=1 defragged count=0
2014-07-29 19:25:46.538+0000 INFO  [org.neo4j]: DB_PATH/neostore.propertystore.db.index rebuild id generator, highId=1 defragged count=0
2014-07-29 19:25:46.645+0000 INFO  [org.neo4j]: DB_PATH/neostore.propertystore.db.strings rebuild id generator, highId=1 defragged count=0
2014-07-29 19:25:46.720+0000 INFO  [org.neo4j]: DB_PATH/neostore.propertystore.db.arrays rebuild id generator, highId=1 defragged count=0
2014-07-29 19:25:46.827+0000 INFO  [org.neo4j]: DB_PATH/neostore.propertystore.db rebuild id generator, highId=1 defragged count=0
2014-07-29 19:25:46.986+0000 INFO  [org.neo4j]: DB_PATH/neostore.relationshipstore.db rebuild id generator, highId=1 defragged count=0
2014-07-29 19:25:47.174+0000 INFO  [org.neo4j]: DB_PATH/neostore.nodestore.db.labels rebuild id generator, highId=1 defragged count=0
2014-07-29 19:25:47.266+0000 INFO  [org.neo4j]: DB_PATH/neostore.nodestore.db rebuild id generator, highId=1 defragged count=0
2014-07-29 19:25:47.316+0000 INFO  [org.neo4j]: DB_PATH/neostore.schemastore.db rebuild id generator, highId=1 defragged count=0
2014-07-29 19:25:47.365+0000 INFO  [org.neo4j]: DB_PATH/neostore.relationshipgroupstore.db rebuild id generator, highId=1 defragged count=0
2014-07-29 19:25:47.432+0000 INFO  [org.neo4j]: DB_PATH/neostore rebuild id generator, highId=7 defragged count=0
2014-07-29 19:25:47.453+0000 INFO  [org.neo4j]: XaResourceManager[nioneo_logical.log] recovery completed.
2014-07-29 19:25:47.453+0000 INFO  [org.neo4j]: Recovery on log [DB_PATH/nioneo_logical.log.1] completed.
2014-07-29 19:25:47.454+0000 INFO  [org.neo4j]: Rebuilding lucene scan store, this may take a while
2014-07-29 19:25:47.457+0000 INFO  [org.neo4j]: Lucene scan store rebuilt (roughly 0 nodes)
2014-07-29 19:25:47.460+0000 INFO  [org.neo4j]: TM opening log: DB_PATH/tm_tx_log.1
2014-07-29 19:25:47.464+0000 INFO  [org.neo4j]: Kernel health set to OK
2014-07-29 19:25:47.472+0000 INFO  [org.neo4j]: Non clean shutdown detected on log [DB_PATH/index/lucene.log.1]. Recovery started ...
2014-07-29 19:25:47.472+0000 INFO  [org.neo4j]: [DB_PATH/index/lucene.log.1] logVersion=0 with committed tx=1
2014-07-29 19:25:47.472+0000 INFO  [org.neo4j]: [DB_PATH/index/lucene.log.1] entries found=0 lastEntryPos=16
2014-07-29 19:25:47.473+0000 INFO  [org.neo4j]: Opened logical log [DB_PATH/index/lucene.log.1] version=0, lastTxId=-1 (recovered)
2014-07-29 19:25:47.473+0000 INFO  [org.neo4j]: XaResourceManager[lucene.log] sorting 0 xids
2014-07-29 19:25:47.473+0000 INFO  [org.neo4j]: XaResourceManager[lucene.log] checkRecoveryComplete 0 xids
2014-07-29 19:25:47.473+0000 INFO  [org.neo4j]: XaResourceManager[lucene.log] recovery completed.
2014-07-29 19:25:47.473+0000 INFO  [org.neo4j]: Recovery on log [DB_PATH/index/lucene.log.1] completed.
2014-07-29 19:25:47.486+0000 INFO  [org.neo4j]: --- STARTED diagnostics for KernelDiagnostics:Versions START ---
2014-07-29 19:25:47.486+0000 INFO  [org.neo4j]: Graph Database: org.neo4j.kernel.EmbeddedGraphDatabase StoreId[time:1406661847817, id:-822278147434210019, store version: -2]
2014-07-29 19:25:47.486+0000 INFO  [org.neo4j]: Kernel version: Neo4j - Graph Database Kernel (neo4j-kernel), version: 2.1.3
2014-07-29 19:25:47.486+0000 INFO  [org.neo4j]: Neo4j component versions:
2014-07-29 19:25:47.491+0000 INFO  [org.neo4j]:   Neo4j - Cypher Compiler 1.9 (neo4j-cypher-compiler-1.9), version: 2.0.3; revision: 2.0.3:2.0-maint:72/307c563c11b75fdc71cfa6df05daf9b08d6c37dc
2014-07-29 19:25:47.491+0000 INFO  [org.neo4j]:   Neo4j Community (neo4j), version: 2.1.3; revision: 2.1.3:2.1-maint:423/54b056d10dda59194d073b8904fcb9bf477c608b
2014-07-29 19:25:47.491+0000 INFO  [org.neo4j]:   Neo4j - Cypher Commons (neo4j-cypher-commons), version: 2.1.3; revision: 2.1.3:2.1-maint:423/54b056d10dda59194d073b8904fcb9bf477c608b
2014-07-29 19:25:47.491+0000 INFO  [org.neo4j]:   neo4j-udc, version: 2.1.3; revision: 2.1.3:2.1-maint:423/54b056d10dda59194d073b8904fcb9bf477c608b
2014-07-29 19:25:47.491+0000 INFO  [org.neo4j]:   Neo4j - Lucene Index (neo4j-lucene-index), version: 2.1.3; revision: 2.1.3:2.1-maint:423/54b056d10dda59194d073b8904fcb9bf477c608b
2014-07-29 19:25:47.491+0000 INFO  [org.neo4j]:   Neo4j - Cypher Compiler 2.0 (neo4j-cypher-compiler-2.0), version: 2.0.3; revision: 2.0.3:2.0-maint:72/307c563c11b75fdc71cfa6df05daf9b08d6c37dc
2014-07-29 19:25:47.491+0000 INFO  [org.neo4j]:   Neo4j - Graph Database Kernel (neo4j-kernel), version: 2.1.3; revision: 2.1.3:2.1-maint:423/54b056d10dda59194d073b8904fcb9bf477c608b
2014-07-29 19:25:47.491+0000 INFO  [org.neo4j]:   Neo4j - Graph Matching (neo4j-graph-matching), version: 2.1.3; revision: 2.1.3:2.1-maint:423/54b056d10dda59194d073b8904fcb9bf477c608b
2014-07-29 19:25:47.491+0000 INFO  [org.neo4j]:   Neo4j - JMX support (neo4j-jmx), version: 2.1.3; revision: 2.1.3:2.1-maint:423/54b056d10dda59194d073b8904fcb9bf477c608b
2014-07-29 19:25:47.491+0000 INFO  [org.neo4j]:   Neo4j - Cypher (neo4j-cypher), version: 2.1.3; revision: 2.1.3:2.1-maint:423/54b056d10dda59194d073b8904fcb9bf477c608b
2014-07-29 19:25:47.492+0000 INFO  [org.neo4j]:   Neo4j - Graph Algorithms (neo4j-graph-algo), version: 2.1.3; revision: 2.1.3:2.1-maint:423/54b056d10dda59194d073b8904fcb9bf477c608b
2014-07-29 19:25:47.492+0000 INFO  [org.neo4j]: --- STARTED diagnostics for KernelDiagnostics:Versions END ---
2014-07-29 19:25:47.494+0000 INFO  [org.neo4j]: --- STARTED diagnostics for NEO_STORE_VERSIONS START ---
2014-07-29 19:25:47.494+0000 INFO  [org.neo4j]: Store versions:
    Store versions:
      NeoStore v0.A.3
      SchemaStore v0.A.3
      NodeStore v0.A.3
      RelationshipStore v0.A.3
      RelationshipTypeStore v0.A.3
      LabelTokenStore v0.A.3
      PropertyStore v0.A.3
      PropertyIndexStore v0.A.3
      StringPropertyStore v0.A.3
      ArrayPropertyStore v0.A.3
      RelationshipGroupStore v0.A.3
2014-07-29 19:25:47.494+0000 INFO  [org.neo4j]: --- STARTED diagnostics for NEO_STORE_VERSIONS END ---
2014-07-29 19:25:47.495+0000 INFO  [org.neo4j]: --- STARTED diagnostics for NEO_STORE_ID_USAGE START ---
2014-07-29 19:25:47.495+0000 INFO  [org.neo4j]: Id usage:
    Id usage:
      SchemaStore: used=1 high=0
      NodeStore: used=1 high=0
      RelationshipStore: used=1 high=0
      RelationshipTypeStore: used=0 high=-1
      LabelTokenStore: used=1 high=0
      PropertyStore: used=1 high=0
      PropertyIndexStore: used=1 high=0
      StringPropertyStore: used=1 high=0
      ArrayPropertyStore: used=1 high=0
      RelationshipGroupStore: used=1 high=0
2014-07-29 19:25:47.496+0000 INFO  [org.neo4j]: --- STARTED diagnostics for NEO_STORE_ID_USAGE END ---
2014-07-29 19:25:47.496+0000 INFO  [org.neo4j]: --- STARTED diagnostics for PERSISTENCE_WINDOW_POOL_STATS START ---
2014-07-29 19:25:47.496+0000 INFO  [org.neo4j]: --- STARTED diagnostics for PERSISTENCE_WINDOW_POOL_STATS END ---
2014-07-29 19:25:47.496+0000 INFO  [org.neo4j]: --- STARTED diagnostics for KernelDiagnostics:StoreFiles START ---
2014-07-29 19:25:47.497+0000 INFO  [org.neo4j]: Disk space on partition (Total / Free / Free %): 420163682304 / 380663238656 / 90
Storage files: (filename : modification date - size)
      active_tx_log: 2014-07-29T21:24:11+0200 - 11.00 B
      index:
        lucene-store.db: 2014-07-29T21:24:11+0200 - 40.00 B
        lucene.log.1: 2014-07-29T21:24:11+0200 - 16.00 B
        lucene.log.active: 2014-07-29T21:24:11+0200 - 4.00 B
      - Total: 2014-07-29T21:24:11+0200 - 60.00 B
      lock: 2014-07-29T21:24:11+0200 - 0.00 B
      messages.log: 2014-07-29T21:25:47+0200 - 46.94 kB
      neostore: 2014-07-29T21:25:47+0200 - 63.00 B
      neostore.id: 2014-07-29T21:25:47+0200 - 9.00 B
      neostore.labeltokenstore.db: 2014-07-29T21:24:11+0200 - 0.00 B
      neostore.labeltokenstore.db.id: 2014-07-29T21:25:46+0200 - 9.00 B
      neostore.labeltokenstore.db.names: 2014-07-29T21:24:11+0200 - 38.00 B
      neostore.labeltokenstore.db.names.id: 2014-07-29T21:25:46+0200 - 9.00 B
      neostore.nodestore.db: 2014-07-29T21:25:47+0200 - 1.77 MB
      neostore.nodestore.db.id: 2014-07-29T21:25:47+0200 - 9.00 B
      neostore.nodestore.db.labels: 2014-07-29T21:24:11+0200 - 68.00 B
      neostore.nodestore.db.labels.id: 2014-07-29T21:25:47+0200 - 9.00 B
      neostore.propertystore.db: 2014-07-29T21:24:11+0200 - 0.00 B
      neostore.propertystore.db.arrays: 2014-07-29T21:24:11+0200 - 128.00 B
      neostore.propertystore.db.arrays.id: 2014-07-29T21:25:46+0200 - 9.00 B
      neostore.propertystore.db.id: 2014-07-29T21:25:46+0200 - 9.00 B
      neostore.propertystore.db.index: 2014-07-29T21:24:11+0200 - 0.00 B
      neostore.propertystore.db.index.id: 2014-07-29T21:25:46+0200 - 9.00 B
      neostore.propertystore.db.index.keys: 2014-07-29T21:24:11+0200 - 38.00 B
      neostore.propertystore.db.index.keys.id: 2014-07-29T21:25:46+0200 - 9.00 B
      neostore.propertystore.db.strings: 2014-07-29T21:24:11+0200 - 128.00 B
      neostore.propertystore.db.strings.id: 2014-07-29T21:25:46+0200 - 9.00 B
      neostore.relationshipgroupstore.db: 2014-07-29T21:24:11+0200 - 25.00 B
      neostore.relationshipgroupstore.db.id: 2014-07-29T21:25:47+0200 - 9.00 B
      neostore.relationshipstore.db: 2014-07-29T21:24:11+0200 - 0.00 B
      neostore.relationshipstore.db.id: 2014-07-29T21:25:47+0200 - 9.00 B
      neostore.relationshiptypestore.db: 2014-07-29T21:24:11+0200 - 0.00 B
      neostore.relationshiptypestore.db.id: 2014-07-29T21:25:46+0200 - 9.00 B
      neostore.relationshiptypestore.db.names: 2014-07-29T21:24:11+0200 - 38.00 B
      neostore.relationshiptypestore.db.names.id: 2014-07-29T21:25:46+0200 - 9.00 B
      neostore.schemastore.db: 2014-07-29T21:24:11+0200 - 64.00 B
      neostore.schemastore.db.id: 2014-07-29T21:25:47+0200 - 9.00 B
      nioneo_logical.log.1: 2014-07-29T21:24:11+0200 - 16.00 B
      nioneo_logical.log.active: 2014-07-29T21:24:11+0200 - 4.00 B
      schema:
        label:
          lucene:
            segments.gen: 2014-07-29T21:25:45+0200 - 20.00 B
            segments_1: 2014-07-29T21:25:45+0200 - 32.00 B
            write.lock: 2014-07-29T21:25:45+0200 - 0.00 B
          - Total: 2014-07-29T21:25:45+0200 - 52.00 B
        - Total: 2014-07-29T21:25:45+0200 - 52.00 B
      - Total: 2014-07-29T21:24:11+0200 - 52.00 B
      store_lock: 2014-07-29T21:24:07+0200 - 0.00 B
      tm_tx_log.1: 2014-07-29T21:24:11+0200 - 0.00 B
